<?xml version="1.0" encoding="UTF-8"?>
<!-- Generated by org.testng.reporters.JUnitXMLReporter -->
<testsuite ignored="0" hostname="INSML-DT4GTXQ9JQ" failures="0" tests="2" name="ErrorHandling" time="8.958" errors="0" timestamp="2025-10-02T14:19:15 IST">
  <testcase classname="Sowkath.SeleniumFrameworkDesign.ErrorHandling" name="productErrorValidation" time="2.636"/>
  <testcase classname="Sowkath.SeleniumFrameworkDesign.ErrorHandling" name="submitorder" time="0.771"/>
</testsuite> <!-- ErrorHandling -->
