<?xml version="1.0" encoding="UTF-8"?>
<testng-results ignored="0" total="3" passed="3" failed="0" skipped="0">
  <reporter-output>
  </reporter-output>
  <suite started-at="2025-10-01T12:51:36 IST" name="Suite" finished-at="2025-10-01T12:51:54 IST" duration-ms="18104">
    <groups>
    </groups>
    <test started-at="2025-10-01T12:51:36 IST" name="SubmitOrder" finished-at="2025-10-01T12:51:48 IST" duration-ms="12591">
      <class name="Sowkath.SeleniumFrameworkDesign.StandAloneTestcase">
        <test-method is-config="true" signature="LaunchApplication()[pri:0, instance:Sowkath.SeleniumFrameworkDesign.StandAloneTestcase@31ea9581]" started-at="2025-10-01T12:51:36 IST" name="LaunchApplication" finished-at="2025-10-01T12:51:39 IST" duration-ms="3573" status="PASS">
          <reporter-output>
          </reporter-output>
        </test-method> <!-- LaunchApplication -->
        <test-method signature="submitorder()[pri:0, instance:Sowkath.SeleniumFrameworkDesign.StandAloneTestcase@31ea9581]" started-at="2025-10-01T12:51:39 IST" name="submitorder" finished-at="2025-10-01T12:51:48 IST" duration-ms="8933" status="PASS">
          <reporter-output>
          </reporter-output>
        </test-method> <!-- submitorder -->
        <test-method is-config="true" signature="terminate()[pri:0, instance:Sowkath.SeleniumFrameworkDesign.StandAloneTestcase@31ea9581]" started-at="2025-10-01T12:51:48 IST" name="terminate" finished-at="2025-10-01T12:51:48 IST" duration-ms="75" status="PASS">
          <reporter-output>
          </reporter-output>
        </test-method> <!-- terminate -->
      </class> <!-- Sowkath.SeleniumFrameworkDesign.StandAloneTestcase -->
    </test> <!-- SubmitOrder -->
    <test started-at="2025-10-01T12:51:49 IST" name="ErrorHandling" finished-at="2025-10-01T12:51:54 IST" duration-ms="5411">
      <class name="Sowkath.SeleniumFrameworkDesign.ErrorHandling">
        <test-method is-config="true" signature="LaunchApplication()[pri:0, instance:Sowkath.SeleniumFrameworkDesign.ErrorHandling@333d4a8c]" started-at="2025-10-01T12:51:49 IST" name="LaunchApplication" finished-at="2025-10-01T12:51:50 IST" duration-ms="1450" status="PASS">
          <reporter-output>
          </reporter-output>
        </test-method> <!-- LaunchApplication -->
        <test-method signature="productErrorValidation()[pri:0, instance:Sowkath.SeleniumFrameworkDesign.ErrorHandling@333d4a8c]" started-at="2025-10-01T12:51:50 IST" name="productErrorValidation" finished-at="2025-10-01T12:51:53 IST" duration-ms="2542" status="PASS">
          <reporter-output>
          </reporter-output>
        </test-method> <!-- productErrorValidation -->
        <test-method is-config="true" signature="terminate()[pri:0, instance:Sowkath.SeleniumFrameworkDesign.ErrorHandling@333d4a8c]" started-at="2025-10-01T12:51:53 IST" name="terminate" finished-at="2025-10-01T12:51:53 IST" duration-ms="76" status="PASS">
          <reporter-output>
          </reporter-output>
        </test-method> <!-- terminate -->
        <test-method is-config="true" signature="LaunchApplication()[pri:0, instance:Sowkath.SeleniumFrameworkDesign.ErrorHandling@333d4a8c]" started-at="2025-10-01T12:51:53 IST" name="LaunchApplication" finished-at="2025-10-01T12:51:54 IST" duration-ms="1070" status="PASS">
          <reporter-output>
          </reporter-output>
        </test-method> <!-- LaunchApplication -->
        <test-method signature="submitorder()[pri:0, instance:Sowkath.SeleniumFrameworkDesign.ErrorHandling@333d4a8c]" started-at="2025-10-01T12:51:54 IST" name="submitorder" finished-at="2025-10-01T12:51:54 IST" duration-ms="202" status="PASS">
          <reporter-output>
          </reporter-output>
        </test-method> <!-- submitorder -->
        <test-method is-config="true" signature="terminate()[pri:0, instance:Sowkath.SeleniumFrameworkDesign.ErrorHandling@333d4a8c]" started-at="2025-10-01T12:51:54 IST" name="terminate" finished-at="2025-10-01T12:51:54 IST" duration-ms="68" status="PASS">
          <reporter-output>
          </reporter-output>
        </test-method> <!-- terminate -->
      </class> <!-- Sowkath.SeleniumFrameworkDesign.ErrorHandling -->
    </test> <!-- ErrorHandling -->
  </suite> <!-- Suite -->
</testng-results>
