<?xml version="1.0" encoding="UTF-8"?>
<testng-results ignored="0" total="2" passed="2" failed="0" skipped="0">
  <reporter-output>
  </reporter-output>
  <suite started-at="2025-10-05T19:39:46 IST" name="Suite" finished-at="2025-10-05T19:39:54 IST" duration-ms="8194">
    <groups>
    </groups>
    <test started-at="2025-10-05T19:39:46 IST" name="ErrorHandling" finished-at="2025-10-05T19:39:54 IST" duration-ms="8194">
      <class name="Sowkath.SeleniumFrameworkDesign.ErrorHandling">
        <test-method is-config="true" signature="LaunchApplication()[pri:0, instance:Sowkath.SeleniumFrameworkDesign.ErrorHandling@47caedad]" started-at="2025-10-05T19:39:46 IST" name="LaunchApplication" finished-at="2025-10-05T19:39:48 IST" duration-ms="1870" status="PASS">
          <reporter-output>
          </reporter-output>
        </test-method> <!-- LaunchApplication -->
        <test-method signature="productErrorValidation()[pri:0, instance:Sowkath.SeleniumFrameworkDesign.ErrorHandling@47caedad]" started-at="2025-10-05T19:39:48 IST" name="productErrorValidation" finished-at="2025-10-05T19:39:50 IST" duration-ms="2629" status="PASS">
          <reporter-output>
          </reporter-output>
        </test-method> <!-- productErrorValidation -->
        <test-method is-config="true" signature="terminate()[pri:0, instance:Sowkath.SeleniumFrameworkDesign.ErrorHandling@47caedad]" started-at="2025-10-05T19:39:50 IST" name="terminate" finished-at="2025-10-05T19:39:50 IST" duration-ms="60" status="PASS">
          <reporter-output>
          </reporter-output>
        </test-method> <!-- terminate -->
        <test-method is-config="true" signature="LaunchApplication()[pri:0, instance:Sowkath.SeleniumFrameworkDesign.ErrorHandling@47caedad]" started-at="2025-10-05T19:39:50 IST" name="LaunchApplication" finished-at="2025-10-05T19:39:54 IST" duration-ms="3315" status="PASS">
          <reporter-output>
          </reporter-output>
        </test-method> <!-- LaunchApplication -->
        <test-method signature="submitorder()[pri:0, instance:Sowkath.SeleniumFrameworkDesign.ErrorHandling@47caedad]" started-at="2025-10-05T19:39:54 IST" name="submitorder" finished-at="2025-10-05T19:39:54 IST" duration-ms="243" status="PASS">
          <reporter-output>
          </reporter-output>
        </test-method> <!-- submitorder -->
        <test-method is-config="true" signature="terminate()[pri:0, instance:Sowkath.SeleniumFrameworkDesign.ErrorHandling@47caedad]" started-at="2025-10-05T19:39:54 IST" name="terminate" finished-at="2025-10-05T19:39:54 IST" duration-ms="60" status="PASS">
          <reporter-output>
          </reporter-output>
        </test-method> <!-- terminate -->
      </class> <!-- Sowkath.SeleniumFrameworkDesign.ErrorHandling -->
    </test> <!-- ErrorHandling -->
  </suite> <!-- Suite -->
</testng-results>
