<?xml version="1.0" encoding="UTF-8"?>
<testng-results ignored="0" total="3" passed="3" failed="0" skipped="0">
  <reporter-output>
  </reporter-output>
  <suite started-at="2025-10-02T14:19:06 IST" name="Suite" finished-at="2025-10-02T14:19:18 IST" duration-ms="11871">
    <groups>
    </groups>
    <test started-at="2025-10-02T14:19:06 IST" name="ErrorHandling" finished-at="2025-10-02T14:19:15 IST" duration-ms="8958">
      <class name="Sowkath.SeleniumFrameworkDesign.ErrorHandling">
        <test-method is-config="true" signature="LaunchApplication()[pri:0, instance:Sowkath.SeleniumFrameworkDesign.ErrorHandling@dc9876b]" started-at="2025-10-02T14:19:06 IST" name="LaunchApplication" finished-at="2025-10-02T14:19:09 IST" duration-ms="3486" status="PASS">
          <reporter-output>
          </reporter-output>
        </test-method> <!-- LaunchApplication -->
        <test-method signature="productErrorValidation()[pri:0, instance:Sowkath.SeleniumFrameworkDesign.ErrorHandling@dc9876b]" started-at="2025-10-02T14:19:09 IST" name="productErrorValidation" finished-at="2025-10-02T14:19:12 IST" duration-ms="2636" status="PASS">
          <reporter-output>
          </reporter-output>
        </test-method> <!-- productErrorValidation -->
        <test-method is-config="true" signature="terminate()[pri:0, instance:Sowkath.SeleniumFrameworkDesign.ErrorHandling@dc9876b]" started-at="2025-10-02T14:19:12 IST" name="terminate" finished-at="2025-10-02T14:19:12 IST" duration-ms="57" status="PASS">
          <reporter-output>
          </reporter-output>
        </test-method> <!-- terminate -->
        <test-method is-config="true" signature="LaunchApplication()[pri:0, instance:Sowkath.SeleniumFrameworkDesign.ErrorHandling@dc9876b]" started-at="2025-10-02T14:19:12 IST" name="LaunchApplication" finished-at="2025-10-02T14:19:14 IST" duration-ms="1917" status="PASS">
          <reporter-output>
          </reporter-output>
        </test-method> <!-- LaunchApplication -->
        <test-method signature="submitorder()[pri:0, instance:Sowkath.SeleniumFrameworkDesign.ErrorHandling@dc9876b]" started-at="2025-10-02T14:19:14 IST" name="submitorder" finished-at="2025-10-02T14:19:15 IST" duration-ms="771" status="PASS">
          <reporter-output>
          </reporter-output>
        </test-method> <!-- submitorder -->
        <test-method is-config="true" signature="terminate()[pri:0, instance:Sowkath.SeleniumFrameworkDesign.ErrorHandling@dc9876b]" started-at="2025-10-02T14:19:15 IST" name="terminate" finished-at="2025-10-02T14:19:15 IST" duration-ms="77" status="PASS">
          <reporter-output>
          </reporter-output>
        </test-method> <!-- terminate -->
      </class> <!-- Sowkath.SeleniumFrameworkDesign.ErrorHandling -->
    </test> <!-- ErrorHandling -->
    <test started-at="2025-10-02T14:19:06 IST" name="SubmitOrder" finished-at="2025-10-02T14:19:18 IST" duration-ms="11871">
      <class name="Sowkath.SeleniumFrameworkDesign.StandAloneTestcase">
        <test-method is-config="true" signature="LaunchApplication()[pri:0, instance:Sowkath.SeleniumFrameworkDesign.StandAloneTestcase@147e2ae7]" started-at="2025-10-02T14:19:06 IST" name="LaunchApplication" finished-at="2025-10-02T14:19:09 IST" duration-ms="3484" status="PASS">
          <reporter-output>
          </reporter-output>
        </test-method> <!-- LaunchApplication -->
        <test-method signature="submitorder()[pri:0, instance:Sowkath.SeleniumFrameworkDesign.StandAloneTestcase@147e2ae7]" started-at="2025-10-02T14:19:09 IST" name="submitorder" finished-at="2025-10-02T14:19:18 IST" duration-ms="8312" status="PASS">
          <reporter-output>
          </reporter-output>
        </test-method> <!-- submitorder -->
        <test-method is-config="true" signature="terminate()[pri:0, instance:Sowkath.SeleniumFrameworkDesign.StandAloneTestcase@147e2ae7]" started-at="2025-10-02T14:19:18 IST" name="terminate" finished-at="2025-10-02T14:19:18 IST" duration-ms="65" status="PASS">
          <reporter-output>
          </reporter-output>
        </test-method> <!-- terminate -->
      </class> <!-- Sowkath.SeleniumFrameworkDesign.StandAloneTestcase -->
    </test> <!-- SubmitOrder -->
  </suite> <!-- Suite -->
</testng-results>
